<?xml version="1.0" encoding="utf-8"?><testsuites name="pytest tests"><testsuite name="pytest" errors="0" failures="0" skipped="0" tests="28" time="10.497" timestamp="2026-09-07T07:59:14.012051+00:00" hostname="agent-env-d18da9c6-2326-44cb-87b6-0f976f78f8bd"><testcase classname="tests.backend_test.TestAuth" name="test_login_success" time="0.693" /><testcase classname="tests.backend_test.TestAuth" name="test_login_wrong_password" time="0.360" /><testcase classname="tests.backend_test.TestDayEngine" name="test_assign_day" time="1.056" /><testcase classname="tests.backend_test.TestDayEngine" name="test_allocations" time="0.148" /><testcase classname="tests.backend_test.TestDayEngine" name="test_allocations_shrink" time="0.314" /><testcase classname="tests.backend_test.TestAuth" name="test_me_with_bearer" time="0.549" /><testcase classname="tests.backend_test.TestDayEngine" name="test_late_start_decision" time="0.146" /><testcase classname="tests.backend_test.TestDayEngine" name="test_finish_day_early" time="0.436" /><testcase classname="tests.backend_test.TestAuth" name="test_me_with_cookie" time="0.410" /><testcase classname="tests.backend_test.TestAuth" name="test_me_unauthenticated" time="0.134" /><testcase classname="tests.backend_test.TestDayEngine" name="test_complete_marks_done" time="0.497" /><testcase classname="tests.backend_test.TestAuth" name="test_logout_clears_cookie" time="0.585" /><testcase classname="tests.backend_test.TestDayEngine" name="test_must_today_carry" time="0.152" /><testcase classname="tests.backend_test.TestDayEngine" name="test_undo_restores" time="0.489" /><testcase classname="tests.backend_test.TestDayEngine" name="test_day_block_split_and_buffer" time="0.507" /><testcase classname="tests.backend_test.TestTaskMove" name="test_move_recurring_shrinks_share" time="1.091" /><testcase classname="tests.backend_test.TestTaskMove" name="test_move_recurring_full_block_400" time="1.123" /><testcase classname="tests.backend_test.TestDayClosing" name="test_day_over_leftovers_dedup" time="1.210" /><testcase classname="tests.backend_test.TestTaskMove" name="test_move_fixed_reanchors" time="0.719" /><testcase classname="tests.backend_test.TestDayClosing" name="test_skip_whole_day" time="1.113" /><testcase classname="tests.backend_test.TestTaskMove" name="test_move_template_task_persists" time="1.174" /><testcase classname="tests.backend_test.TestDayClosing" name="test_defer_to_next_day" time="0.947" /><testcase classname="tests.backend_test.TestTemplates" name="test_seeded_university_template" time="0.072" /><testcase classname="tests.backend_test.TestTemplates" name="test_full_template_lifecycle" time="1.068" /><testcase classname="tests.backend_test.TestWeekPlanning" name="test_week_get_empty" time="1.294" /><testcase classname="tests.backend_test.TestSettings" name="test_update_settings" time="0.338" /><testcase classname="tests.backend_test.TestWeekPlanning" name="test_week_assign_and_skip" time="1.337" /><testcase classname="tests.backend_test.TestReward" name="test_reward_appears_occasionally" time="1.534" /></testsuite></testsuites>